# JRE version: Java(TM) SE Runtime Environment (8.0_191-b12) (build 1.8.0_191-b12)
# Java VM: Java HotSpot(TM) 64-Bit Server VM (25.191-b12 mixed mode windows-amd64 compressed oops)
Heap:
 PSYoungGen      total 402944K, used 149388K [0x000000076ae00000, 0x0000000786b80000, 0x00000007c0000000)
  eden space 386560K, 34% used [0x000000076ae00000,0x0000000772fe9ba8,0x0000000782780000)
  from space 16384K, 99% used [0x0000000785b80000,0x0000000786b79768,0x0000000786b80000)
  to   space 19456K, 0% used [0x0000000784580000,0x0000000784580000,0x0000000785880000)
 ParOldGen       total 77824K, used 20955K [0x00000006c0a00000, 0x00000006c5600000, 0x000000076ae00000)
  object space 77824K, 26% used [0x00000006c0a00000,0x00000006c1e76d10,0x00000006c5600000)
 Metaspace       used 53041K, capacity 54976K, committed 55472K, reserved 1097728K
  class space    used 7097K, capacity 7478K, committed 7600K, reserved 1048576K
GC Heap History (10 events):
Event: 3.339 GC heap before
{Heap before GC invocations=6 (full 1):
 PSYoungGen      total 132096K, used 131801K [0x000000076ae00000, 0x0000000774000000, 0x00000007c0000000)
  eden space 124416K, 100% used [0x000000076ae00000,0x0000000772780000,0x0000000772780000)
  from space 7680K, 96% used [0x0000000773880000,0x0000000773fb65b8,0x0000000774000000)
  to   space 10752K, 0% used [0x0000000772b00000,0x0000000772b00000,0x0000000773580000)
 ParOldGen       total 77824K, used 6292K [0x00000006c0a00000, 0x00000006c5600000, 0x000000076ae00000)
  object space 77824K, 8% used [0x00000006c0a00000,0x00000006c1025248,0x00000006c5600000)
 Metaspace       used 28019K, capacity 28832K, committed 28976K, reserved 1075200K
  class space    used 3655K, capacity 3864K, committed 3888K, reserved 1048576K
Event: 3.347 GC heap after
Heap after GC invocations=6 (full 1):
 PSYoungGen      total 138752K, used 10628K [0x000000076ae00000, 0x000000077a980000, 0x00000007c0000000)
  eden space 128000K, 0% used [0x000000076ae00000,0x000000076ae00000,0x0000000772b00000)
  from space 10752K, 98% used [0x0000000772b00000,0x0000000773561148,0x0000000773580000)
  to   space 12288K, 0% used [0x0000000779d80000,0x0000000779d80000,0x000000077a980000)
 ParOldGen       total 77824K, used 6364K [0x00000006c0a00000, 0x00000006c5600000, 0x000000076ae00000)
  object space 77824K, 8% used [0x00000006c0a00000,0x00000006c1037258,0x00000006c5600000)
 Metaspace       used 28019K, capacity 28832K, committed 28976K, reserved 1075200K
  class space    used 3655K, capacity 3864K, committed 3888K, reserved 1048576K
}
Event: 4.103 GC heap before
{Heap before GC invocations=7 (full 1):
 PSYoungGen      total 138752K, used 138628K [0x000000076ae00000, 0x000000077a980000, 0x00000007c0000000)
  eden space 128000K, 100% used [0x000000076ae00000,0x0000000772b00000,0x0000000772b00000)
  from space 10752K, 98% used [0x0000000772b00000,0x0000000773561148,0x0000000773580000)
  to   space 12288K, 0% used [0x0000000779d80000,0x0000000779d80000,0x000000077a980000)
 ParOldGen       total 77824K, used 6364K [0x00000006c0a00000, 0x00000006c5600000, 0x000000076ae00000)
  object space 77824K, 8% used [0x00000006c0a00000,0x00000006c1037258,0x00000006c5600000)
 Metaspace       used 33500K, capacity 34558K, committed 34736K, reserved 1079296K
  class space    used 4490K, capacity 4745K, committed 4784K, reserved 1048576K
Event: 4.114 GC heap after
Heap after GC invocations=7 (full 1):
 PSYoungGen      total 241664K, used 12263K [0x000000076ae00000, 0x000000077b400000, 0x00000007c0000000)
  eden space 229376K, 0% used [0x000000076ae00000,0x000000076ae00000,0x0000000778e00000)
  from space 12288K, 99% used [0x0000000779d80000,0x000000077a979e78,0x000000077a980000)
  to   space 15872K, 0% used [0x0000000778e00000,0x0000000778e00000,0x0000000779d80000)
 ParOldGen       total 77824K, used 9917K [0x00000006c0a00000, 0x00000006c5600000, 0x000000076ae00000)
  object space 77824K, 12% used [0x00000006c0a00000,0x00000006c13af4b8,0x00000006c5600000)
 Metaspace       used 33500K, capacity 34558K, committed 34736K, reserved 1079296K
  class space    used 4490K, capacity 4745K, committed 4784K, reserved 1048576K
}
Event: 4.261 GC heap before
{Heap before GC invocations=8 (full 1):
 PSYoungGen      total 241664K, used 35107K [0x000000076ae00000, 0x000000077b400000, 0x00000007c0000000)
  eden space 229376K, 9% used [0x000000076ae00000,0x000000076c44ef88,0x0000000778e00000)
  from space 12288K, 99% used [0x0000000779d80000,0x000000077a979e78,0x000000077a980000)
  to   space 15872K, 0% used [0x0000000778e00000,0x0000000778e00000,0x0000000779d80000)
 ParOldGen       total 77824K, used 9917K [0x00000006c0a00000, 0x00000006c5600000, 0x000000076ae00000)
  object space 77824K, 12% used [0x00000006c0a00000,0x00000006c13af4b8,0x00000006c5600000)
 Metaspace       used 34267K, capacity 35396K, committed 35496K, reserved 1079296K
  class space    used 4601K, capacity 4844K, committed 4912K, reserved 1048576K
Event: 4.270 GC heap after
Heap after GC invocations=8 (full 1):
 PSYoungGen      total 245248K, used 12413K [0x000000076ae00000, 0x0000000786b80000, 0x00000007c0000000)
  eden space 229376K, 0% used [0x000000076ae00000,0x000000076ae00000,0x0000000778e00000)
  from space 15872K, 78% used [0x0000000778e00000,0x0000000779a1f618,0x0000000779d80000)
  to   space 16384K, 0% used [0x0000000785b80000,0x0000000785b80000,0x0000000786b80000)
 ParOldGen       total 77824K, used 9925K [0x00000006c0a00000, 0x00000006c5600000, 0x000000076ae00000)
  object space 77824K, 12% used [0x00000006c0a00000,0x00000006c13b14b8,0x00000006c5600000)
 Metaspace       used 34267K, capacity 35396K, committed 35496K, reserved 1079296K
  class space    used 4601K, capacity 4844K, committed 4912K, reserved 1048576K
}
Event: 4.270 GC heap before
{Heap before GC invocations=9 (full 2):
 PSYoungGen      total 245248K, used 12413K [0x000000076ae00000, 0x0000000786b80000, 0x00000007c0000000)
  eden space 229376K, 0% used [0x000000076ae00000,0x000000076ae00000,0x0000000778e00000)
  from space 15872K, 78% used [0x0000000778e00000,0x0000000779a1f618,0x0000000779d80000)
  to   space 16384K, 0% used [0x0000000785b80000,0x0000000785b80000,0x0000000786b80000)
 ParOldGen       total 77824K, used 9925K [0x00000006c0a00000, 0x00000006c5600000, 0x000000076ae00000)
  object space 77824K, 12% used [0x00000006c0a00000,0x00000006c13b14b8,0x00000006c5600000)
 Metaspace       used 34267K, capacity 35396K, committed 35496K, reserved 1079296K
  class space    used 4601K, capacity 4844K, committed 4912K, reserved 1048576K
Event: 4.321 GC heap after
Heap after GC invocations=9 (full 2):
 PSYoungGen      total 245248K, used 0K [0x000000076ae00000, 0x0000000786b80000, 0x00000007c0000000)
  eden space 229376K, 0% used [0x000000076ae00000,0x000000076ae00000,0x0000000778e00000)
  from space 15872K, 0% used [0x0000000778e00000,0x0000000778e00000,0x0000000779d80000)
  to   space 16384K, 0% used [0x0000000785b80000,0x0000000785b80000,0x0000000786b80000)
 ParOldGen       total 77824K, used 18301K [0x00000006c0a00000, 0x00000006c5600000, 0x000000076ae00000)
  object space 77824K, 23% used [0x00000006c0a00000,0x00000006c1bdf480,0x00000006c5600000)
 Metaspace       used 34267K, capacity 35396K, committed 35496K, reserved 1079296K
  class space    used 4601K, capacity 4844K, committed 4912K, reserved 1048576K
}
Event: 6.034 GC heap before
{Heap before GC invocations=10 (full 2):
 PSYoungGen      total 245248K, used 229376K [0x000000076ae00000, 0x0000000786b80000, 0x00000007c0000000)
  eden space 229376K, 100% used [0x000000076ae00000,0x0000000778e00000,0x0000000778e00000)
  from space 15872K, 0% used [0x0000000778e00000,0x0000000778e00000,0x0000000779d80000)
  to   space 16384K, 0% used [0x0000000785b80000,0x0000000785b80000,0x0000000786b80000)
 ParOldGen       total 77824K, used 18301K [0x00000006c0a00000, 0x00000006c5600000, 0x000000076ae00000)
  object space 77824K, 23% used [0x00000006c0a00000,0x00000006c1bdf480,0x00000006c5600000)
 Metaspace       used 46196K, capacity 47996K, committed 48304K, reserved 1091584K
  class space    used 6150K, capacity 6512K, committed 6576K, reserved 1048576K
Event: 6.049 GC heap after
Heap after GC invocations=10 (full 2):
 PSYoungGen      total 402944K, used 16357K [0x000000076ae00000, 0x0000000786b80000, 0x00000007c0000000)
  eden space 386560K, 0% used [0x000000076ae00000,0x000000076ae00000,0x0000000782780000)
  from space 16384K, 99% used [0x0000000785b80000,0x0000000786b79768,0x0000000786b80000)
  to   space 19456K, 0% used [0x0000000784580000,0x0000000784580000,0x0000000785880000)
 ParOldGen       total 77824K, used 20955K [0x00000006c0a00000, 0x00000006c5600000, 0x000000076ae00000)
  object space 77824K, 26% used [0x00000006c0a00000,0x00000006c1e76d10,0x00000006c5600000)
 Metaspace       used 46196K, capacity 47996K, committed 48304K, reserved 1091584K
  class space    used 6150K, capacity 6512K, committed 6576K, reserved 1048576K
}

